<?xml version="1.0" encoding="UTF-8"?>
<!-- Generated by org.testng.reporters.JUnitReportReporter -->
<testsuite hostname="Shashidhars-MacBook-Air.local" failures="0" tests="1" name="org.appiumtesting.IOSBasics" time="4.824" errors="0" timestamp="2024-12-17T13:18:07 IST" skipped="0">
  <testcase classname="org.appiumtesting.IOSBasics" name="IOSBasicsTest" time="4.824"/>
</testsuite> <!-- org.appiumtesting.IOSBasics -->
