<?xml version="1.0" encoding="UTF-8"?>
<!-- Generated by org.testng.reporters.JUnitReportReporter -->
<testsuite hostname="Shashidhars-MacBook-Air.local" failures="0" tests="1" name="CucumberOptions.TestNGTestRunner" time="4.754" errors="0" timestamp="2024-05-07T10:35:59 IST" skipped="0">
  <testcase classname="CucumberOptions.TestNGTestRunner" name="runScenario" time="4.754"/>
</testsuite> <!-- CucumberOptions.TestNGTestRunner -->
